


ARM Macro Assembler    Page 1 


    1 00000000         ;/******************************************************
                       ********************//**
    2 00000000         ; * @file     startup_LPC122x.s
    3 00000000         ; * @brief    CMSIS Cortex-M0 Core Device Startup File  
                          (CMSIS V2.0 compliant)
    4 00000000         ; *           for the NXP LPC12xx Device Series
    5 00000000         ; * @version  V1.01
    6 00000000         ; * @date     15. February 2011
    7 00000000         ; *------- <<< Use Configuration Wizard in Context Menu 
                       >>> ------------------
    8 00000000         ; *
    9 00000000         ; * @note
   10 00000000         ; * Copyright (C) 2010-2011 ARM Limited. All rights rese
                       rved.
   11 00000000         ; *
   12 00000000         ; * @par
   13 00000000         ; * ARM Limited (ARM) is supplying this software for use
                        with Cortex-M 
   14 00000000         ; * processor based microcontrollers.  This file can be 
                       freely distributed 
   15 00000000         ; * within development tools that are supporting such AR
                       M based processors. 
   16 00000000         ; *
   17 00000000         ; * @par
   18 00000000         ; * THIS SOFTWARE IS PROVIDED "AS IS".  NO WARRANTIES, W
                       HETHER EXPRESS, IMPLIED
   19 00000000         ; * OR STATUTORY, INCLUDING, BUT NOT LIMITED TO, IMPLIED
                        WARRANTIES OF
   20 00000000         ; * MERCHANTABILITY AND FITNESS FOR A PARTICULAR PURPOSE
                        APPLY TO THIS SOFTWARE.
   21 00000000         ; * ARM SHALL NOT, IN ANY CIRCUMSTANCES, BE LIABLE FOR S
                       PECIAL, INCIDENTAL, OR
   22 00000000         ; * CONSEQUENTIAL DAMAGES, FOR ANY REASON WHATSOEVER.
   23 00000000         ; *
   24 00000000         ; ******************************************************
                       ************************/
   25 00000000         
   26 00000000         
   27 00000000         ; <h> Stack Configuration
   28 00000000         ;   <o> Stack Size (in Bytes) <0x0-0xFFFFFFFF:8>
   29 00000000         ; </h>
   30 00000000         
   31 00000000 00000600 
                       Stack_Size
                               EQU              0x00000600
   32 00000000         
   33 00000000                 AREA             STACK, NOINIT, READWRITE, ALIGN
=3
   34 00000000         Stack_Mem
                               SPACE            Stack_Size
   35 00000600         __initial_sp
   36 00000600         
   37 00000600         
   38 00000600         ; <h> Heap Configuration
   39 00000600         ;   <o>  Heap Size (in Bytes) <0x0-0xFFFFFFFF:8>
   40 00000600         ; </h>
   41 00000600         
   42 00000600 00000000 
                       Heap_Size



ARM Macro Assembler    Page 2 


                               EQU              0x00000000
   43 00000600         
   44 00000600                 AREA             HEAP, NOINIT, READWRITE, ALIGN=
3
   45 00000000         __heap_base
   46 00000000         Heap_Mem
                               SPACE            Heap_Size
   47 00000000         __heap_limit
   48 00000000         
   49 00000000         
   50 00000000                 PRESERVE8
   51 00000000                 THUMB
   52 00000000         
   53 00000000         
   54 00000000         ; Vector Table Mapped to Address 0 at Reset
   55 00000000         
   56 00000000                 AREA             RESET, DATA, READONLY
   57 00000000                 EXPORT           __Vectors
   58 00000000         
   59 00000000 00000000 
                       __Vectors
                               DCD              __initial_sp ; Top of Stack
   60 00000004 00000000        DCD              Reset_Handler ; Reset Handler
   61 00000008 00000000        DCD              NMI_Handler ; NMI Handler
   62 0000000C 00000000        DCD              HardFault_Handler ; Hard Fault 
                                                            Handler
   63 00000010 00000000        DCD              0           ; Reserved
   64 00000014 00000000        DCD              0           ; Reserved
   65 00000018 00000000        DCD              0           ; Reserved
   66 0000001C 00000000        DCD              0           ; Reserved
   67 00000020 00000000        DCD              0           ; Reserved
   68 00000024 00000000        DCD              0           ; Reserved
   69 00000028 00000000        DCD              0           ; Reserved
   70 0000002C 00000000        DCD              SVC_Handler ; SVCall Handler
   71 00000030 00000000        DCD              0           ; Reserved
   72 00000034 00000000        DCD              0           ; Reserved
   73 00000038 00000000        DCD              PendSV_Handler ; PendSV Handler
                                                            
   74 0000003C 00000000        DCD              SysTick_Handler 
                                                            ; SysTick Handler
   75 00000040         
   76 00000040         ; External Interrupts
   77 00000040 00000000        DCD              WAKEUP_IRQHandler ; 12 wakeup s
                                                            ources for all the
   78 00000044 00000000        DCD              WAKEUP_IRQHandler ; I/O pins st
                                                            arting from PIO0 (0
                                                            :11)
   79 00000048 00000000        DCD              WAKEUP_IRQHandler ; all 40 are 
                                                            routed to the same 
                                                            ISR                
                                                                   
   80 0000004C 00000000        DCD              WAKEUP_IRQHandler
   81 00000050 00000000        DCD              WAKEUP_IRQHandler
   82 00000054 00000000        DCD              WAKEUP_IRQHandler
   83 00000058 00000000        DCD              WAKEUP_IRQHandler
   84 0000005C 00000000        DCD              WAKEUP_IRQHandler
   85 00000060 00000000        DCD              WAKEUP_IRQHandler
   86 00000064 00000000        DCD              WAKEUP_IRQHandler
   87 00000068 00000000        DCD              WAKEUP_IRQHandler



ARM Macro Assembler    Page 3 


   88 0000006C 00000000        DCD              WAKEUP_IRQHandler
   89 00000070 00000000        DCD              I2C_IRQHandler ; I2C
   90 00000074 00000000        DCD              TIMER16_0_IRQHandler 
                                                            ; 16-bit Timer0
   91 00000078 00000000        DCD              TIMER16_1_IRQHandler 
                                                            ; 16-bit Timer1
   92 0000007C 00000000        DCD              TIMER32_0_IRQHandler 
                                                            ; 32-bit Timer0
   93 00000080 00000000        DCD              TIMER32_1_IRQHandler 
                                                            ; 32-bit Timer1
   94 00000084 00000000        DCD              SSP_IRQHandler ; SSP
   95 00000088 00000000        DCD              UART0_IRQHandler ; UART0
   96 0000008C 00000000        DCD              UART1_IRQHandler ; UART1
   97 00000090 00000000        DCD              COMP_IRQHandler ; Comparator
   98 00000094 00000000        DCD              ADC_IRQHandler ; A/D Converter
   99 00000098 00000000        DCD              WDT_IRQHandler ; Watchdog timer
                                                            
  100 0000009C 00000000        DCD              BOD_IRQHandler 
                                                            ; Brown Out Detect
  101 000000A0 00000000        DCD              FMC_IRQHandler ; IP2111 Flash M
                                                            emory Controller
  102 000000A4 00000000        DCD              PIOINT0_IRQHandler ; PIO INT0
  103 000000A8 00000000        DCD              PIOINT1_IRQHandler ; PIO INT1
  104 000000AC 00000000        DCD              PIOINT2_IRQHandler ; PIO INT2
  105 000000B0 00000000        DCD              PMU_IRQHandler ; PMU/Wakeup
  106 000000B4 00000000        DCD              DMA_IRQHandler ; DMA
  107 000000B8 00000000        DCD              RTC_IRQHandler ; RTC
  108 000000BC         
  109 000000BC         
  110 000000BC         ;                IF      :LNOT::DEF:NO_CRP
  111 000000BC         ;                AREA    |.ARM.__at_0x02FC|, CODE, READO
                       NLY
  112 000000BC         ;CRP_Key         DCD     0xFFFFFFFF
  113 000000BC         ;                ENDIF
  114 000000BC         
  115 000000BC         
  116 000000BC                 AREA             |.text|, CODE, READONLY
  117 00000000         
  118 00000000         
  119 00000000         ; Reset Handler
  120 00000000         
  121 00000000         Reset_Handler
                               PROC
  122 00000000                 EXPORT           Reset_Handler             [WEAK
]
  123 00000000                 IMPORT           SystemInit
  124 00000000                 IMPORT           __main
  125 00000000 4804            LDR              R0, =SystemInit
  126 00000002 4780            BLX              R0
  127 00000004 4804            LDR              R0, =__main
  128 00000006 4700            BX               R0
  129 00000008                 ENDP
  130 00000008         
  131 00000008         
  132 00000008         ; Dummy Exception Handlers (infinite loops which can be 
                       modified)                
  133 00000008         
  134 00000008         NMI_Handler
                               PROC



ARM Macro Assembler    Page 4 


  135 00000008                 EXPORT           NMI_Handler               [WEAK
]
  136 00000008 E7FE            B                .
  137 0000000A                 ENDP
  139 0000000A         HardFault_Handler
                               PROC
  140 0000000A                 EXPORT           HardFault_Handler         [WEAK
]
  141 0000000A E7FE            B                .
  142 0000000C                 ENDP
  143 0000000C         SVC_Handler
                               PROC
  144 0000000C                 EXPORT           SVC_Handler               [WEAK
]
  145 0000000C E7FE            B                .
  146 0000000E                 ENDP
  147 0000000E         PendSV_Handler
                               PROC
  148 0000000E                 EXPORT           PendSV_Handler            [WEAK
]
  149 0000000E E7FE            B                .
  150 00000010                 ENDP
  151 00000010         SysTick_Handler
                               PROC
  152 00000010                 EXPORT           SysTick_Handler           [WEAK
]
  153 00000010 E7FE            B                .
  154 00000012                 ENDP
  155 00000012         
  156 00000012         Default_Handler
                               PROC
  157 00000012         
  158 00000012                 EXPORT           WAKEUP_IRQHandler         [WEAK
]
  159 00000012                 EXPORT           I2C_IRQHandler            [WEAK
]
  160 00000012                 EXPORT           TIMER16_0_IRQHandler      [WEAK
]
  161 00000012                 EXPORT           TIMER16_1_IRQHandler      [WEAK
]
  162 00000012                 EXPORT           TIMER32_0_IRQHandler      [WEAK
]
  163 00000012                 EXPORT           TIMER32_1_IRQHandler      [WEAK
]
  164 00000012                 EXPORT           SSP_IRQHandler            [WEAK
]
  165 00000012                 EXPORT           UART0_IRQHandler          [WEAK
]
  166 00000012                 EXPORT           UART1_IRQHandler          [WEAK
]
  167 00000012                 EXPORT           COMP_IRQHandler           [WEAK
]
  168 00000012                 EXPORT           ADC_IRQHandler            [WEAK
]
  169 00000012                 EXPORT           WDT_IRQHandler            [WEAK
]
  170 00000012                 EXPORT           BOD_IRQHandler            [WEAK
]
  171 00000012                 EXPORT           FMC_IRQHandler            [WEAK



ARM Macro Assembler    Page 5 


]
  172 00000012                 EXPORT           PIOINT0_IRQHandler        [WEAK
]
  173 00000012                 EXPORT           PIOINT1_IRQHandler        [WEAK
]
  174 00000012                 EXPORT           PIOINT2_IRQHandler        [WEAK
]
  175 00000012                 EXPORT           PMU_IRQHandler            [WEAK
]
  176 00000012                 EXPORT           DMA_IRQHandler            [WEAK
]
  177 00000012                 EXPORT           RTC_IRQHandler            [WEAK
]
  178 00000012         
  179 00000012         WAKEUP_IRQHandler
  180 00000012         I2C_IRQHandler
  181 00000012         TIMER16_0_IRQHandler
  182 00000012         TIMER16_1_IRQHandler
  183 00000012         TIMER32_0_IRQHandler
  184 00000012         TIMER32_1_IRQHandler
  185 00000012         SSP_IRQHandler
  186 00000012         UART0_IRQHandler
  187 00000012         UART1_IRQHandler
  188 00000012         COMP_IRQHandler
  189 00000012         ADC_IRQHandler
  190 00000012         WDT_IRQHandler
  191 00000012         BOD_IRQHandler
  192 00000012         FMC_IRQHandler
  193 00000012         PIOINT0_IRQHandler
  194 00000012         PIOINT1_IRQHandler
  195 00000012         PIOINT2_IRQHandler
  196 00000012         PMU_IRQHandler
  197 00000012         DMA_IRQHandler
  198 00000012         RTC_IRQHandler
  199 00000012         
  200 00000012 E7FE            B                .
  201 00000014         
  202 00000014                 ENDP
  203 00000014         
  204 00000014         
  205 00000014                 ALIGN
  206 00000014         
  207 00000014         
  208 00000014         ; User Initial Stack & Heap
  209 00000014         
  210 00000014                 IF               :DEF:__MICROLIB
  211 00000014         
  212 00000014                 EXPORT           __initial_sp
  213 00000014                 EXPORT           __heap_base
  214 00000014                 EXPORT           __heap_limit
  215 00000014         
  216 00000014                 ELSE
  230                          ENDIF
  231 00000014         
  232 00000014         
  233 00000014                 END
              00000000 
              00000000 
Command Line: --debug --xref --diag_suppress=9931 --cpu=Cortex-M0 --depend=.\ob



ARM Macro Assembler    Page 6 


jects\startup_lpc122x.d -o.\objects\startup_lpc122x.o -I.\RTE\_lpc1227_ram -IC:
\Keil_v5\ARM\PACK\ARM\CMSIS\5.4.0\CMSIS\Core\Include -IC:\Keil_v5\ARM\PACK\ARM\
CMSIS\5.4.0\CMSIS\DSP\Include -IC:\Keil_v5\ARM\PACK\Keil\LPC1200_DFP\1.0.0\Devi
ce\Include\LPC12xx --predefine="__EVAL SETA 1" --predefine="__MICROLIB SETA 1" 
--predefine="__UVISION_VERSION SETA 523" --predefine="_RTE_ SETA 1" --list=.\li
stings\startup_lpc122x.lst RTE\Device\LPC1227FBD64_301\startup_LPC122x.s



ARM Macro Assembler    Page 1 Alphabetic symbol ordering
Relocatable symbols

STACK 00000000

Symbol: STACK
   Definitions
      At line 33 in file RTE\Device\LPC1227FBD64_301\startup_LPC122x.s
   Uses
      None
Comment: STACK unused
Stack_Mem 00000000

Symbol: Stack_Mem
   Definitions
      At line 34 in file RTE\Device\LPC1227FBD64_301\startup_LPC122x.s
   Uses
      None
Comment: Stack_Mem unused
__initial_sp 00000600

Symbol: __initial_sp
   Definitions
      At line 35 in file RTE\Device\LPC1227FBD64_301\startup_LPC122x.s
   Uses
      At line 59 in file RTE\Device\LPC1227FBD64_301\startup_LPC122x.s
      At line 212 in file RTE\Device\LPC1227FBD64_301\startup_LPC122x.s

3 symbols



ARM Macro Assembler    Page 1 Alphabetic symbol ordering
Relocatable symbols

HEAP 00000000

Symbol: HEAP
   Definitions
      At line 44 in file RTE\Device\LPC1227FBD64_301\startup_LPC122x.s
   Uses
      None
Comment: HEAP unused
Heap_Mem 00000000

Symbol: Heap_Mem
   Definitions
      At line 46 in file RTE\Device\LPC1227FBD64_301\startup_LPC122x.s
   Uses
      None
Comment: Heap_Mem unused
__heap_base 00000000

Symbol: __heap_base
   Definitions
      At line 45 in file RTE\Device\LPC1227FBD64_301\startup_LPC122x.s
   Uses
      At line 213 in file RTE\Device\LPC1227FBD64_301\startup_LPC122x.s
Comment: __heap_base used once
__heap_limit 00000000

Symbol: __heap_limit
   Definitions
      At line 47 in file RTE\Device\LPC1227FBD64_301\startup_LPC122x.s
   Uses
      At line 214 in file RTE\Device\LPC1227FBD64_301\startup_LPC122x.s
Comment: __heap_limit used once
4 symbols



ARM Macro Assembler    Page 1 Alphabetic symbol ordering
Relocatable symbols

RESET 00000000

Symbol: RESET
   Definitions
      At line 56 in file RTE\Device\LPC1227FBD64_301\startup_LPC122x.s
   Uses
      None
Comment: RESET unused
__Vectors 00000000

Symbol: __Vectors
   Definitions
      At line 59 in file RTE\Device\LPC1227FBD64_301\startup_LPC122x.s
   Uses
      At line 57 in file RTE\Device\LPC1227FBD64_301\startup_LPC122x.s
Comment: __Vectors used once
2 symbols



ARM Macro Assembler    Page 1 Alphabetic symbol ordering
Relocatable symbols

.text 00000000

Symbol: .text
   Definitions
      At line 116 in file RTE\Device\LPC1227FBD64_301\startup_LPC122x.s
   Uses
      None
Comment: .text unused
ADC_IRQHandler 00000012

Symbol: ADC_IRQHandler
   Definitions
      At line 189 in file RTE\Device\LPC1227FBD64_301\startup_LPC122x.s
   Uses
      At line 98 in file RTE\Device\LPC1227FBD64_301\startup_LPC122x.s
      At line 168 in file RTE\Device\LPC1227FBD64_301\startup_LPC122x.s

BOD_IRQHandler 00000012

Symbol: BOD_IRQHandler
   Definitions
      At line 191 in file RTE\Device\LPC1227FBD64_301\startup_LPC122x.s
   Uses
      At line 100 in file RTE\Device\LPC1227FBD64_301\startup_LPC122x.s
      At line 170 in file RTE\Device\LPC1227FBD64_301\startup_LPC122x.s

COMP_IRQHandler 00000012

Symbol: COMP_IRQHandler
   Definitions
      At line 188 in file RTE\Device\LPC1227FBD64_301\startup_LPC122x.s
   Uses
      At line 97 in file RTE\Device\LPC1227FBD64_301\startup_LPC122x.s
      At line 167 in file RTE\Device\LPC1227FBD64_301\startup_LPC122x.s

DMA_IRQHandler 00000012

Symbol: DMA_IRQHandler
   Definitions
      At line 197 in file RTE\Device\LPC1227FBD64_301\startup_LPC122x.s
   Uses
      At line 106 in file RTE\Device\LPC1227FBD64_301\startup_LPC122x.s
      At line 176 in file RTE\Device\LPC1227FBD64_301\startup_LPC122x.s

Default_Handler 00000012

Symbol: Default_Handler
   Definitions
      At line 156 in file RTE\Device\LPC1227FBD64_301\startup_LPC122x.s
   Uses
      None
Comment: Default_Handler unused
FMC_IRQHandler 00000012

Symbol: FMC_IRQHandler
   Definitions
      At line 192 in file RTE\Device\LPC1227FBD64_301\startup_LPC122x.s
   Uses
      At line 101 in file RTE\Device\LPC1227FBD64_301\startup_LPC122x.s



ARM Macro Assembler    Page 2 Alphabetic symbol ordering
Relocatable symbols

      At line 171 in file RTE\Device\LPC1227FBD64_301\startup_LPC122x.s

HardFault_Handler 0000000A

Symbol: HardFault_Handler
   Definitions
      At line 139 in file RTE\Device\LPC1227FBD64_301\startup_LPC122x.s
   Uses
      At line 62 in file RTE\Device\LPC1227FBD64_301\startup_LPC122x.s
      At line 140 in file RTE\Device\LPC1227FBD64_301\startup_LPC122x.s

I2C_IRQHandler 00000012

Symbol: I2C_IRQHandler
   Definitions
      At line 180 in file RTE\Device\LPC1227FBD64_301\startup_LPC122x.s
   Uses
      At line 89 in file RTE\Device\LPC1227FBD64_301\startup_LPC122x.s
      At line 159 in file RTE\Device\LPC1227FBD64_301\startup_LPC122x.s

NMI_Handler 00000008

Symbol: NMI_Handler
   Definitions
      At line 134 in file RTE\Device\LPC1227FBD64_301\startup_LPC122x.s
   Uses
      At line 61 in file RTE\Device\LPC1227FBD64_301\startup_LPC122x.s
      At line 135 in file RTE\Device\LPC1227FBD64_301\startup_LPC122x.s

PIOINT0_IRQHandler 00000012

Symbol: PIOINT0_IRQHandler
   Definitions
      At line 193 in file RTE\Device\LPC1227FBD64_301\startup_LPC122x.s
   Uses
      At line 102 in file RTE\Device\LPC1227FBD64_301\startup_LPC122x.s
      At line 172 in file RTE\Device\LPC1227FBD64_301\startup_LPC122x.s

PIOINT1_IRQHandler 00000012

Symbol: PIOINT1_IRQHandler
   Definitions
      At line 194 in file RTE\Device\LPC1227FBD64_301\startup_LPC122x.s
   Uses
      At line 103 in file RTE\Device\LPC1227FBD64_301\startup_LPC122x.s
      At line 173 in file RTE\Device\LPC1227FBD64_301\startup_LPC122x.s

PIOINT2_IRQHandler 00000012

Symbol: PIOINT2_IRQHandler
   Definitions
      At line 195 in file RTE\Device\LPC1227FBD64_301\startup_LPC122x.s
   Uses
      At line 104 in file RTE\Device\LPC1227FBD64_301\startup_LPC122x.s
      At line 174 in file RTE\Device\LPC1227FBD64_301\startup_LPC122x.s

PMU_IRQHandler 00000012

Symbol: PMU_IRQHandler



ARM Macro Assembler    Page 3 Alphabetic symbol ordering
Relocatable symbols

   Definitions
      At line 196 in file RTE\Device\LPC1227FBD64_301\startup_LPC122x.s
   Uses
      At line 105 in file RTE\Device\LPC1227FBD64_301\startup_LPC122x.s
      At line 175 in file RTE\Device\LPC1227FBD64_301\startup_LPC122x.s

PendSV_Handler 0000000E

Symbol: PendSV_Handler
   Definitions
      At line 147 in file RTE\Device\LPC1227FBD64_301\startup_LPC122x.s
   Uses
      At line 73 in file RTE\Device\LPC1227FBD64_301\startup_LPC122x.s
      At line 148 in file RTE\Device\LPC1227FBD64_301\startup_LPC122x.s

RTC_IRQHandler 00000012

Symbol: RTC_IRQHandler
   Definitions
      At line 198 in file RTE\Device\LPC1227FBD64_301\startup_LPC122x.s
   Uses
      At line 107 in file RTE\Device\LPC1227FBD64_301\startup_LPC122x.s
      At line 177 in file RTE\Device\LPC1227FBD64_301\startup_LPC122x.s

Reset_Handler 00000000

Symbol: Reset_Handler
   Definitions
      At line 121 in file RTE\Device\LPC1227FBD64_301\startup_LPC122x.s
   Uses
      At line 60 in file RTE\Device\LPC1227FBD64_301\startup_LPC122x.s
      At line 122 in file RTE\Device\LPC1227FBD64_301\startup_LPC122x.s

SSP_IRQHandler 00000012

Symbol: SSP_IRQHandler
   Definitions
      At line 185 in file RTE\Device\LPC1227FBD64_301\startup_LPC122x.s
   Uses
      At line 94 in file RTE\Device\LPC1227FBD64_301\startup_LPC122x.s
      At line 164 in file RTE\Device\LPC1227FBD64_301\startup_LPC122x.s

SVC_Handler 0000000C

Symbol: SVC_Handler
   Definitions
      At line 143 in file RTE\Device\LPC1227FBD64_301\startup_LPC122x.s
   Uses
      At line 70 in file RTE\Device\LPC1227FBD64_301\startup_LPC122x.s
      At line 144 in file RTE\Device\LPC1227FBD64_301\startup_LPC122x.s

SysTick_Handler 00000010

Symbol: SysTick_Handler
   Definitions
      At line 151 in file RTE\Device\LPC1227FBD64_301\startup_LPC122x.s
   Uses
      At line 74 in file RTE\Device\LPC1227FBD64_301\startup_LPC122x.s
      At line 152 in file RTE\Device\LPC1227FBD64_301\startup_LPC122x.s



ARM Macro Assembler    Page 4 Alphabetic symbol ordering
Relocatable symbols


TIMER16_0_IRQHandler 00000012

Symbol: TIMER16_0_IRQHandler
   Definitions
      At line 181 in file RTE\Device\LPC1227FBD64_301\startup_LPC122x.s
   Uses
      At line 90 in file RTE\Device\LPC1227FBD64_301\startup_LPC122x.s
      At line 160 in file RTE\Device\LPC1227FBD64_301\startup_LPC122x.s

TIMER16_1_IRQHandler 00000012

Symbol: TIMER16_1_IRQHandler
   Definitions
      At line 182 in file RTE\Device\LPC1227FBD64_301\startup_LPC122x.s
   Uses
      At line 91 in file RTE\Device\LPC1227FBD64_301\startup_LPC122x.s
      At line 161 in file RTE\Device\LPC1227FBD64_301\startup_LPC122x.s

TIMER32_0_IRQHandler 00000012

Symbol: TIMER32_0_IRQHandler
   Definitions
      At line 183 in file RTE\Device\LPC1227FBD64_301\startup_LPC122x.s
   Uses
      At line 92 in file RTE\Device\LPC1227FBD64_301\startup_LPC122x.s
      At line 162 in file RTE\Device\LPC1227FBD64_301\startup_LPC122x.s

TIMER32_1_IRQHandler 00000012

Symbol: TIMER32_1_IRQHandler
   Definitions
      At line 184 in file RTE\Device\LPC1227FBD64_301\startup_LPC122x.s
   Uses
      At line 93 in file RTE\Device\LPC1227FBD64_301\startup_LPC122x.s
      At line 163 in file RTE\Device\LPC1227FBD64_301\startup_LPC122x.s

UART0_IRQHandler 00000012

Symbol: UART0_IRQHandler
   Definitions
      At line 186 in file RTE\Device\LPC1227FBD64_301\startup_LPC122x.s
   Uses
      At line 95 in file RTE\Device\LPC1227FBD64_301\startup_LPC122x.s
      At line 165 in file RTE\Device\LPC1227FBD64_301\startup_LPC122x.s

UART1_IRQHandler 00000012

Symbol: UART1_IRQHandler
   Definitions
      At line 187 in file RTE\Device\LPC1227FBD64_301\startup_LPC122x.s
   Uses
      At line 96 in file RTE\Device\LPC1227FBD64_301\startup_LPC122x.s
      At line 166 in file RTE\Device\LPC1227FBD64_301\startup_LPC122x.s

WAKEUP_IRQHandler 00000012

Symbol: WAKEUP_IRQHandler
   Definitions



ARM Macro Assembler    Page 5 Alphabetic symbol ordering
Relocatable symbols

      At line 179 in file RTE\Device\LPC1227FBD64_301\startup_LPC122x.s
   Uses
      At line 77 in file RTE\Device\LPC1227FBD64_301\startup_LPC122x.s
      At line 78 in file RTE\Device\LPC1227FBD64_301\startup_LPC122x.s
      At line 79 in file RTE\Device\LPC1227FBD64_301\startup_LPC122x.s
      At line 80 in file RTE\Device\LPC1227FBD64_301\startup_LPC122x.s
      At line 81 in file RTE\Device\LPC1227FBD64_301\startup_LPC122x.s
      At line 82 in file RTE\Device\LPC1227FBD64_301\startup_LPC122x.s
      At line 83 in file RTE\Device\LPC1227FBD64_301\startup_LPC122x.s
      At line 84 in file RTE\Device\LPC1227FBD64_301\startup_LPC122x.s
      At line 85 in file RTE\Device\LPC1227FBD64_301\startup_LPC122x.s
      At line 86 in file RTE\Device\LPC1227FBD64_301\startup_LPC122x.s
      At line 87 in file RTE\Device\LPC1227FBD64_301\startup_LPC122x.s
      At line 88 in file RTE\Device\LPC1227FBD64_301\startup_LPC122x.s
      At line 158 in file RTE\Device\LPC1227FBD64_301\startup_LPC122x.s

WDT_IRQHandler 00000012

Symbol: WDT_IRQHandler
   Definitions
      At line 190 in file RTE\Device\LPC1227FBD64_301\startup_LPC122x.s
   Uses
      At line 99 in file RTE\Device\LPC1227FBD64_301\startup_LPC122x.s
      At line 169 in file RTE\Device\LPC1227FBD64_301\startup_LPC122x.s

28 symbols



ARM Macro Assembler    Page 1 Alphabetic symbol ordering
Absolute symbols

Heap_Size 00000000

Symbol: Heap_Size
   Definitions
      At line 42 in file RTE\Device\LPC1227FBD64_301\startup_LPC122x.s
   Uses
      At line 46 in file RTE\Device\LPC1227FBD64_301\startup_LPC122x.s
Comment: Heap_Size used once
Stack_Size 00000600

Symbol: Stack_Size
   Definitions
      At line 31 in file RTE\Device\LPC1227FBD64_301\startup_LPC122x.s
   Uses
      At line 34 in file RTE\Device\LPC1227FBD64_301\startup_LPC122x.s
Comment: Stack_Size used once
2 symbols



ARM Macro Assembler    Page 1 Alphabetic symbol ordering
External symbols

SystemInit 00000000

Symbol: SystemInit
   Definitions
      At line 123 in file RTE\Device\LPC1227FBD64_301\startup_LPC122x.s
   Uses
      At line 125 in file RTE\Device\LPC1227FBD64_301\startup_LPC122x.s
Comment: SystemInit used once
__main 00000000

Symbol: __main
   Definitions
      At line 124 in file RTE\Device\LPC1227FBD64_301\startup_LPC122x.s
   Uses
      At line 127 in file RTE\Device\LPC1227FBD64_301\startup_LPC122x.s
Comment: __main used once
2 symbols
377 symbols in table
